{"/home/rafael/Documents/projects/capstone-uno/backend/src/models/cardModel.js": {"path":"/home/rafael/Documents/projects/capstone-uno/backend/src/models/cardModel.js","statementMap":{"0":{"start":{"line":1,"column":17},"end":{"line":1,"column":36}},"1":{"start":{"line":3,"column":19},"end":{"line":9,"column":2}},"2":{"start":{"line":11,"column":0},"end":{"line":11,"column":52}}},"fnMap":{},"branchMap":{},"s":{"0":1,"1":1,"2":1},"f":{},"b":{},"_coverageSchema":"1a1c01bbd47fc00a2c39e90264f33305004495a9","hash":"e616e372cd6f11fd470ace6aedfa59dc917f0d6b"}
,"/home/rafael/Documents/projects/capstone-uno/backend/src/models/gameModel.js": {"path":"/home/rafael/Documents/projects/capstone-uno/backend/src/models/gameModel.js","statementMap":{"0":{"start":{"line":1,"column":17},"end":{"line":1,"column":36}},"1":{"start":{"line":3,"column":19},"end":{"line":18,"column":2}},"2":{"start":{"line":20,"column":0},"end":{"line":20,"column":52}}},"fnMap":{},"branchMap":{},"s":{"0":2,"1":2,"2":2},"f":{},"b":{},"_coverageSchema":"1a1c01bbd47fc00a2c39e90264f33305004495a9","hash":"c92f21ec5be9ff278fe6de7713ef622d7c940b6f"}
,"/home/rafael/Documents/projects/capstone-uno/backend/src/models/playerModel.js": {"path":"/home/rafael/Documents/projects/capstone-uno/backend/src/models/playerModel.js","statementMap":{"0":{"start":{"line":1,"column":17},"end":{"line":1,"column":36}},"1":{"start":{"line":3,"column":21},"end":{"line":9,"column":2}},"2":{"start":{"line":11,"column":0},"end":{"line":11,"column":56}}},"fnMap":{},"branchMap":{},"s":{"0":2,"1":2,"2":2},"f":{},"b":{},"_coverageSchema":"1a1c01bbd47fc00a2c39e90264f33305004495a9","hash":"c2ecde2c82ffc6bd4195a7a4e1fba848aef64d0f"}
,"/home/rafael/Documents/projects/capstone-uno/backend/src/models/scoreModel.js": {"path":"/home/rafael/Documents/projects/capstone-uno/backend/src/models/scoreModel.js","statementMap":{"0":{"start":{"line":1,"column":17},"end":{"line":1,"column":36}},"1":{"start":{"line":3,"column":20},"end":{"line":9,"column":2}},"2":{"start":{"line":11,"column":0},"end":{"line":11,"column":54}}},"fnMap":{},"branchMap":{},"s":{"0":2,"1":2,"2":2},"f":{},"b":{},"_coverageSchema":"1a1c01bbd47fc00a2c39e90264f33305004495a9","hash":"08d71a4def5ef8174e862005e612933cfcb77e4d"}
,"/home/rafael/Documents/projects/capstone-uno/backend/src/models/tokensModel.js": {"path":"/home/rafael/Documents/projects/capstone-uno/backend/src/models/tokensModel.js","statementMap":{"0":{"start":{"line":1,"column":17},"end":{"line":1,"column":36}},"1":{"start":{"line":3,"column":31},"end":{"line":6,"column":2}},"2":{"start":{"line":8,"column":0},"end":{"line":8,"column":74}},"3":{"start":{"line":10,"column":0},"end":{"line":10,"column":76}}},"fnMap":{},"branchMap":{},"s":{"0":1,"1":1,"2":1,"3":1},"f":{},"b":{},"_coverageSchema":"1a1c01bbd47fc00a2c39e90264f33305004495a9","hash":"7d8150b93b909e621944a8a3b7db5ea24ab6b7d7"}
,"/home/rafael/Documents/projects/capstone-uno/backend/src/repositories/cardRepository.js": {"path":"/home/rafael/Documents/projects/capstone-uno/backend/src/repositories/cardRepository.js","statementMap":{"0":{"start":{"line":1,"column":13},"end":{"line":1,"column":43}},"1":{"start":{"line":4,"column":15},"end":{"line":4,"column":33}},"2":{"start":{"line":5,"column":2},"end":{"line":5,"column":27}},"3":{"start":{"line":9,"column":2},"end":{"line":9,"column":36}},"4":{"start":{"line":13,"column":2},"end":{"line":13,"column":69}},"5":{"start":{"line":17,"column":2},"end":{"line":17,"column":45}},"6":{"start":{"line":21,"column":2},"end":{"line":21,"column":29}},"7":{"start":{"line":25,"column":2},"end":{"line":26,"column":29}},"8":{"start":{"line":29,"column":0},"end":{"line":36,"column":2}}},"fnMap":{"0":{"name":"saveCard","decl":{"start":{"line":3,"column":15},"end":{"line":3,"column":23}},"loc":{"start":{"line":3,"column":34},"end":{"line":6,"column":1}},"line":3},"1":{"name":"findCardById","decl":{"start":{"line":8,"column":15},"end":{"line":8,"column":27}},"loc":{"start":{"line":8,"column":32},"end":{"line":10,"column":1}},"line":8},"2":{"name":"updateCardById","decl":{"start":{"line":12,"column":15},"end":{"line":12,"column":29}},"loc":{"start":{"line":12,"column":43},"end":{"line":14,"column":1}},"line":12},"3":{"name":"deleteCardById","decl":{"start":{"line":16,"column":15},"end":{"line":16,"column":29}},"loc":{"start":{"line":16,"column":34},"end":{"line":18,"column":1}},"line":16},"4":{"name":"findAllCards","decl":{"start":{"line":20,"column":15},"end":{"line":20,"column":27}},"loc":{"start":{"line":20,"column":30},"end":{"line":22,"column":1}},"line":20},"5":{"name":"getTopDiscardCard","decl":{"start":{"line":24,"column":15},"end":{"line":24,"column":32}},"loc":{"start":{"line":24,"column":41},"end":{"line":27,"column":1}},"line":24}},"branchMap":{},"s":{"0":1,"1":0,"2":0,"3":0,"4":0,"5":0,"6":0,"7":0,"8":1},"f":{"0":0,"1":0,"2":0,"3":0,"4":0,"5":0},"b":{},"_coverageSchema":"1a1c01bbd47fc00a2c39e90264f33305004495a9","hash":"1c6e4ed1c96ba7e53d27047a74367d4937bd97aa"}
,"/home/rafael/Documents/projects/capstone-uno/backend/src/repositories/gameRepository.js": {"path":"/home/rafael/Documents/projects/capstone-uno/backend/src/repositories/gameRepository.js","statementMap":{"0":{"start":{"line":1,"column":13},"end":{"line":1,"column":43}},"1":{"start":{"line":4,"column":15},"end":{"line":4,"column":33}},"2":{"start":{"line":5,"column":2},"end":{"line":5,"column":27}},"3":{"start":{"line":9,"column":2},"end":{"line":9,"column":36}},"4":{"start":{"line":13,"column":2},"end":{"line":13,"column":69}},"5":{"start":{"line":17,"column":2},"end":{"line":17,"column":45}},"6":{"start":{"line":21,"column":2},"end":{"line":21,"column":29}},"7":{"start":{"line":24,"column":0},"end":{"line":30,"column":2}}},"fnMap":{"0":{"name":"saveGame","decl":{"start":{"line":3,"column":15},"end":{"line":3,"column":23}},"loc":{"start":{"line":3,"column":34},"end":{"line":6,"column":1}},"line":3},"1":{"name":"findGameById","decl":{"start":{"line":8,"column":15},"end":{"line":8,"column":27}},"loc":{"start":{"line":8,"column":32},"end":{"line":10,"column":1}},"line":8},"2":{"name":"updateGameById","decl":{"start":{"line":12,"column":15},"end":{"line":12,"column":29}},"loc":{"start":{"line":12,"column":43},"end":{"line":14,"column":1}},"line":12},"3":{"name":"deleteGameById","decl":{"start":{"line":16,"column":15},"end":{"line":16,"column":29}},"loc":{"start":{"line":16,"column":34},"end":{"line":18,"column":1}},"line":16},"4":{"name":"findAllGames","decl":{"start":{"line":20,"column":15},"end":{"line":20,"column":27}},"loc":{"start":{"line":20,"column":30},"end":{"line":22,"column":1}},"line":20}},"branchMap":{},"s":{"0":1,"1":0,"2":0,"3":0,"4":0,"5":0,"6":0,"7":1},"f":{"0":0,"1":0,"2":0,"3":0,"4":0},"b":{},"_coverageSchema":"1a1c01bbd47fc00a2c39e90264f33305004495a9","hash":"8f0f7a2f317b72709ffbecc921b0b5525da9fcd7"}
,"/home/rafael/Documents/projects/capstone-uno/backend/src/repositories/playerRepository.js": {"path":"/home/rafael/Documents/projects/capstone-uno/backend/src/repositories/playerRepository.js","statementMap":{"0":{"start":{"line":1,"column":15},"end":{"line":1,"column":47}},"1":{"start":{"line":4,"column":17},"end":{"line":4,"column":39}},"2":{"start":{"line":5,"column":2},"end":{"line":5,"column":29}},"3":{"start":{"line":9,"column":2},"end":{"line":9,"column":38}},"4":{"start":{"line":13,"column":2},"end":{"line":13,"column":41}},"5":{"start":{"line":17,"column":2},"end":{"line":17,"column":71}},"6":{"start":{"line":21,"column":2},"end":{"line":21,"column":47}},"7":{"start":{"line":25,"column":2},"end":{"line":25,"column":31}},"8":{"start":{"line":28,"column":0},"end":{"line":35,"column":2}}},"fnMap":{"0":{"name":"savePlayer","decl":{"start":{"line":3,"column":15},"end":{"line":3,"column":25}},"loc":{"start":{"line":3,"column":38},"end":{"line":6,"column":1}},"line":3},"1":{"name":"findPlayerById","decl":{"start":{"line":8,"column":15},"end":{"line":8,"column":29}},"loc":{"start":{"line":8,"column":34},"end":{"line":10,"column":1}},"line":8},"2":{"name":"findPlayerByEmail","decl":{"start":{"line":12,"column":15},"end":{"line":12,"column":32}},"loc":{"start":{"line":12,"column":40},"end":{"line":14,"column":1}},"line":12},"3":{"name":"updatePlayerById","decl":{"start":{"line":16,"column":15},"end":{"line":16,"column":31}},"loc":{"start":{"line":16,"column":45},"end":{"line":18,"column":1}},"line":16},"4":{"name":"deletePlayerById","decl":{"start":{"line":20,"column":15},"end":{"line":20,"column":31}},"loc":{"start":{"line":20,"column":36},"end":{"line":22,"column":1}},"line":20},"5":{"name":"findAllPlayers","decl":{"start":{"line":24,"column":15},"end":{"line":24,"column":29}},"loc":{"start":{"line":24,"column":32},"end":{"line":26,"column":1}},"line":24}},"branchMap":{},"s":{"0":2,"1":1,"2":1,"3":1,"4":1,"5":1,"6":1,"7":1,"8":2},"f":{"0":1,"1":1,"2":1,"3":1,"4":1,"5":1},"b":{},"_coverageSchema":"1a1c01bbd47fc00a2c39e90264f33305004495a9","hash":"f8fbf1a86f4e9b2a44e37a7577ce7b29012eae23"}
,"/home/rafael/Documents/projects/capstone-uno/backend/src/repositories/scoreRepository.js": {"path":"/home/rafael/Documents/projects/capstone-uno/backend/src/repositories/scoreRepository.js","statementMap":{"0":{"start":{"line":1,"column":14},"end":{"line":1,"column":45}},"1":{"start":{"line":4,"column":16},"end":{"line":4,"column":36}},"2":{"start":{"line":5,"column":2},"end":{"line":5,"column":28}},"3":{"start":{"line":9,"column":2},"end":{"line":9,"column":37}},"4":{"start":{"line":13,"column":2},"end":{"line":13,"column":70}},"5":{"start":{"line":17,"column":2},"end":{"line":17,"column":46}},"6":{"start":{"line":21,"column":2},"end":{"line":21,"column":30}},"7":{"start":{"line":25,"column":2},"end":{"line":25,"column":38}},"8":{"start":{"line":29,"column":0},"end":{"line":36,"column":2}}},"fnMap":{"0":{"name":"saveScore","decl":{"start":{"line":3,"column":15},"end":{"line":3,"column":24}},"loc":{"start":{"line":3,"column":36},"end":{"line":6,"column":1}},"line":3},"1":{"name":"findScoreById","decl":{"start":{"line":8,"column":15},"end":{"line":8,"column":28}},"loc":{"start":{"line":8,"column":33},"end":{"line":10,"column":1}},"line":8},"2":{"name":"updateScoreById","decl":{"start":{"line":12,"column":15},"end":{"line":12,"column":30}},"loc":{"start":{"line":12,"column":44},"end":{"line":14,"column":1}},"line":12},"3":{"name":"deleteScoreById","decl":{"start":{"line":16,"column":15},"end":{"line":16,"column":30}},"loc":{"start":{"line":16,"column":35},"end":{"line":18,"column":1}},"line":16},"4":{"name":"findAllScores","decl":{"start":{"line":20,"column":15},"end":{"line":20,"column":28}},"loc":{"start":{"line":20,"column":31},"end":{"line":22,"column":1}},"line":20},"5":{"name":"findScoresByGameId","decl":{"start":{"line":24,"column":15},"end":{"line":24,"column":33}},"loc":{"start":{"line":24,"column":42},"end":{"line":26,"column":1}},"line":24}},"branchMap":{},"s":{"0":2,"1":1,"2":1,"3":1,"4":1,"5":1,"6":1,"7":1,"8":2},"f":{"0":1,"1":1,"2":1,"3":1,"4":1,"5":1},"b":{},"_coverageSchema":"1a1c01bbd47fc00a2c39e90264f33305004495a9","hash":"f9f6a2d233b4d13922ec26df0cca05ac869fbc39"}
,"/home/rafael/Documents/projects/capstone-uno/backend/src/services/cardService.js": {"path":"/home/rafael/Documents/projects/capstone-uno/backend/src/services/cardService.js","statementMap":{"0":{"start":{"line":1,"column":18},"end":{"line":1,"column":47}},"1":{"start":{"line":2,"column":19},"end":{"line":2,"column":60}},"2":{"start":{"line":5,"column":13},"end":{"line":5,"column":38}},"3":{"start":{"line":7,"column":15},"end":{"line":12,"column":3}},"4":{"start":{"line":14,"column":2},"end":{"line":14,"column":41}},"5":{"start":{"line":18,"column":2},"end":{"line":18,"column":43}},"6":{"start":{"line":22,"column":2},"end":{"line":22,"column":54}},"7":{"start":{"line":26,"column":2},"end":{"line":26,"column":45}},"8":{"start":{"line":30,"column":2},"end":{"line":30,"column":41}},"9":{"start":{"line":34,"column":15},"end":{"line":34,"column":57}},"10":{"start":{"line":36,"column":2},"end":{"line":38,"column":3}},"11":{"start":{"line":37,"column":4},"end":{"line":37,"column":51}},"12":{"start":{"line":40,"column":2},"end":{"line":49,"column":4}},"13":{"start":{"line":53,"column":0},"end":{"line":60,"column":2}}},"fnMap":{"0":{"name":"createCard","decl":{"start":{"line":4,"column":15},"end":{"line":4,"column":25}},"loc":{"start":{"line":4,"column":32},"end":{"line":15,"column":1}},"line":4},"1":{"name":"getCard","decl":{"start":{"line":17,"column":15},"end":{"line":17,"column":22}},"loc":{"start":{"line":17,"column":27},"end":{"line":19,"column":1}},"line":17},"2":{"name":"updateCard","decl":{"start":{"line":21,"column":15},"end":{"line":21,"column":25}},"loc":{"start":{"line":21,"column":39},"end":{"line":23,"column":1}},"line":21},"3":{"name":"deleteCard","decl":{"start":{"line":25,"column":15},"end":{"line":25,"column":25}},"loc":{"start":{"line":25,"column":30},"end":{"line":27,"column":1}},"line":25},"4":{"name":"getAllCards","decl":{"start":{"line":29,"column":15},"end":{"line":29,"column":26}},"loc":{"start":{"line":29,"column":29},"end":{"line":31,"column":1}},"line":29},"5":{"name":"getTopCard","decl":{"start":{"line":33,"column":15},"end":{"line":33,"column":25}},"loc":{"start":{"line":33,"column":34},"end":{"line":50,"column":1}},"line":33}},"branchMap":{"0":{"loc":{"start":{"line":36,"column":2},"end":{"line":38,"column":3}},"type":"if","locations":[{"start":{"line":36,"column":2},"end":{"line":38,"column":3}},{"start":{},"end":{}}],"line":36}},"s":{"0":1,"1":1,"2":1,"3":1,"4":1,"5":1,"6":1,"7":1,"8":1,"9":2,"10":2,"11":1,"12":1,"13":1},"f":{"0":1,"1":1,"2":1,"3":1,"4":1,"5":2},"b":{"0":[1,1]},"_coverageSchema":"1a1c01bbd47fc00a2c39e90264f33305004495a9","hash":"eadf38e5c1e08e674606b1212083e42eb3d2bf36"}
,"/home/rafael/Documents/projects/capstone-uno/backend/src/services/gameService.js": {"path":"/home/rafael/Documents/projects/capstone-uno/backend/src/services/gameService.js","statementMap":{"0":{"start":{"line":1,"column":18},"end":{"line":1,"column":47}},"1":{"start":{"line":2,"column":19},"end":{"line":2,"column":60}},"2":{"start":{"line":3,"column":12},"end":{"line":3,"column":35}},"3":{"start":{"line":6,"column":13},"end":{"line":6,"column":38}},"4":{"start":{"line":8,"column":15},"end":{"line":14,"column":3}},"5":{"start":{"line":16,"column":2},"end":{"line":16,"column":41}},"6":{"start":{"line":20,"column":2},"end":{"line":20,"column":43}},"7":{"start":{"line":24,"column":2},"end":{"line":24,"column":54}},"8":{"start":{"line":28,"column":2},"end":{"line":28,"column":45}},"9":{"start":{"line":32,"column":2},"end":{"line":32,"column":41}},"10":{"start":{"line":36,"column":18},"end":{"line":36,"column":65}},"11":{"start":{"line":37,"column":17},"end":{"line":37,"column":27}},"12":{"start":{"line":39,"column":15},"end":{"line":39,"column":36}},"13":{"start":{"line":40,"column":2},"end":{"line":42,"column":3}},"14":{"start":{"line":41,"column":4},"end":{"line":41,"column":38}},"15":{"start":{"line":44,"column":2},"end":{"line":46,"column":3}},"16":{"start":{"line":45,"column":4},"end":{"line":45,"column":48}},"17":{"start":{"line":48,"column":2},"end":{"line":48,"column":28}},"18":{"start":{"line":50,"column":2},"end":{"line":50,"column":41}},"19":{"start":{"line":54,"column":18},"end":{"line":54,"column":65}},"20":{"start":{"line":55,"column":17},"end":{"line":55,"column":27}},"21":{"start":{"line":57,"column":15},"end":{"line":57,"column":52}},"22":{"start":{"line":58,"column":2},"end":{"line":60,"column":3}},"23":{"start":{"line":59,"column":4},"end":{"line":59,"column":38}},"24":{"start":{"line":62,"column":2},"end":{"line":64,"column":3}},"25":{"start":{"line":63,"column":4},"end":{"line":63,"column":64}},"26":{"start":{"line":66,"column":2},"end":{"line":68,"column":3}},"27":{"start":{"line":67,"column":4},"end":{"line":67,"column":54}},"28":{"start":{"line":70,"column":19},"end":{"line":72,"column":3}},"29":{"start":{"line":71,"column":4},"end":{"line":71,"column":40}},"30":{"start":{"line":74,"column":2},"end":{"line":76,"column":3}},"31":{"start":{"line":75,"column":4},"end":{"line":75,"column":49}},"32":{"start":{"line":78,"column":22},"end":{"line":81,"column":4}},"33":{"start":{"line":83,"column":2},"end":{"line":83,"column":21}},"34":{"start":{"line":87,"column":18},"end":{"line":87,"column":65}},"35":{"start":{"line":88,"column":17},"end":{"line":88,"column":27}},"36":{"start":{"line":90,"column":15},"end":{"line":90,"column":52}},"37":{"start":{"line":91,"column":2},"end":{"line":93,"column":3}},"38":{"start":{"line":92,"column":4},"end":{"line":92,"column":38}},"39":{"start":{"line":95,"column":2},"end":{"line":97,"column":3}},"40":{"start":{"line":96,"column":4},"end":{"line":96,"column":40}},"41":{"start":{"line":99,"column":2},"end":{"line":101,"column":3}},"42":{"start":{"line":100,"column":4},"end":{"line":100,"column":61}},"43":{"start":{"line":103,"column":2},"end":{"line":103,"column":33}},"44":{"start":{"line":105,"column":2},"end":{"line":105,"column":41}},"45":{"start":{"line":109,"column":18},"end":{"line":109,"column":65}},"46":{"start":{"line":110,"column":17},"end":{"line":110,"column":27}},"47":{"start":{"line":112,"column":15},"end":{"line":112,"column":52}},"48":{"start":{"line":113,"column":2},"end":{"line":113,"column":47}},"49":{"start":{"line":113,"column":13},"end":{"line":113,"column":47}},"50":{"start":{"line":115,"column":2},"end":{"line":117,"column":3}},"51":{"start":{"line":116,"column":4},"end":{"line":116,"column":47}},"52":{"start":{"line":119,"column":2},"end":{"line":121,"column":3}},"53":{"start":{"line":120,"column":4},"end":{"line":120,"column":44}},"54":{"start":{"line":123,"column":2},"end":{"line":125,"column":3}},"55":{"start":{"line":124,"column":4},"end":{"line":124,"column":50}},"56":{"start":{"line":127,"column":2},"end":{"line":127,"column":32}},"57":{"start":{"line":129,"column":2},"end":{"line":129,"column":70}},"58":{"start":{"line":129,"column":55},"end":{"line":129,"column":68}},"59":{"start":{"line":131,"column":18},"end":{"line":131,"column":75}},"60":{"start":{"line":131,"column":45},"end":{"line":131,"column":74}},"61":{"start":{"line":133,"column":2},"end":{"line":135,"column":3}},"62":{"start":{"line":134,"column":4},"end":{"line":134,"column":29}},"63":{"start":{"line":137,"column":2},"end":{"line":137,"column":41}},"64":{"start":{"line":141,"column":18},"end":{"line":141,"column":65}},"65":{"start":{"line":142,"column":17},"end":{"line":142,"column":27}},"66":{"start":{"line":144,"column":15},"end":{"line":144,"column":52}},"67":{"start":{"line":145,"column":2},"end":{"line":145,"column":47}},"68":{"start":{"line":145,"column":13},"end":{"line":145,"column":47}},"69":{"start":{"line":147,"column":2},"end":{"line":149,"column":3}},"70":{"start":{"line":148,"column":4},"end":{"line":148,"column":62}},"71":{"start":{"line":151,"column":2},"end":{"line":153,"column":3}},"72":{"start":{"line":152,"column":4},"end":{"line":152,"column":42}},"73":{"start":{"line":155,"column":2},"end":{"line":155,"column":27}},"74":{"start":{"line":157,"column":2},"end":{"line":157,"column":41}},"75":{"start":{"line":161,"column":15},"end":{"line":161,"column":52}},"76":{"start":{"line":162,"column":2},"end":{"line":162,"column":47}},"77":{"start":{"line":162,"column":13},"end":{"line":162,"column":47}},"78":{"start":{"line":164,"column":2},"end":{"line":167,"column":4}},"79":{"start":{"line":171,"column":15},"end":{"line":171,"column":52}},"80":{"start":{"line":172,"column":2},"end":{"line":172,"column":47}},"81":{"start":{"line":172,"column":13},"end":{"line":172,"column":47}},"82":{"start":{"line":174,"column":2},"end":{"line":178,"column":4}},"83":{"start":{"line":182,"column":15},"end":{"line":182,"column":52}},"84":{"start":{"line":183,"column":2},"end":{"line":185,"column":3}},"85":{"start":{"line":184,"column":4},"end":{"line":184,"column":38}},"86":{"start":{"line":187,"column":2},"end":{"line":190,"column":4}},"87":{"start":{"line":193,"column":0},"end":{"line":207,"column":2}}},"fnMap":{"0":{"name":"createGame","decl":{"start":{"line":5,"column":15},"end":{"line":5,"column":25}},"loc":{"start":{"line":5,"column":32},"end":{"line":17,"column":1}},"line":5},"1":{"name":"getGame","decl":{"start":{"line":19,"column":15},"end":{"line":19,"column":22}},"loc":{"start":{"line":19,"column":27},"end":{"line":21,"column":1}},"line":19},"2":{"name":"updateGame","decl":{"start":{"line":23,"column":15},"end":{"line":23,"column":25}},"loc":{"start":{"line":23,"column":39},"end":{"line":25,"column":1}},"line":23},"3":{"name":"deleteGame","decl":{"start":{"line":27,"column":15},"end":{"line":27,"column":25}},"loc":{"start":{"line":27,"column":30},"end":{"line":29,"column":1}},"line":27},"4":{"name":"getAllGames","decl":{"start":{"line":31,"column":15},"end":{"line":31,"column":26}},"loc":{"start":{"line":31,"column":29},"end":{"line":33,"column":1}},"line":31},"5":{"name":"joinGame","decl":{"start":{"line":35,"column":15},"end":{"line":35,"column":23}},"loc":{"start":{"line":35,"column":45},"end":{"line":51,"column":1}},"line":35},"6":{"name":"startGame","decl":{"start":{"line":53,"column":15},"end":{"line":53,"column":24}},"loc":{"start":{"line":53,"column":46},"end":{"line":84,"column":1}},"line":53},"7":{"name":"(anonymous_7)","decl":{"start":{"line":70,"column":38},"end":{"line":70,"column":39}},"loc":{"start":{"line":71,"column":4},"end":{"line":71,"column":40}},"line":71},"8":{"name":"markAsReady","decl":{"start":{"line":86,"column":15},"end":{"line":86,"column":26}},"loc":{"start":{"line":86,"column":48},"end":{"line":106,"column":1}},"line":86},"9":{"name":"leaveGame","decl":{"start":{"line":108,"column":15},"end":{"line":108,"column":24}},"loc":{"start":{"line":108,"column":46},"end":{"line":138,"column":1}},"line":108},"10":{"name":"(anonymous_10)","decl":{"start":{"line":129,"column":47},"end":{"line":129,"column":48}},"loc":{"start":{"line":129,"column":55},"end":{"line":129,"column":68}},"line":129},"11":{"name":"(anonymous_11)","decl":{"start":{"line":131,"column":37},"end":{"line":131,"column":38}},"loc":{"start":{"line":131,"column":45},"end":{"line":131,"column":74}},"line":131},"12":{"name":"endGame","decl":{"start":{"line":140,"column":15},"end":{"line":140,"column":22}},"loc":{"start":{"line":140,"column":44},"end":{"line":158,"column":1}},"line":140},"13":{"name":"getGameState","decl":{"start":{"line":160,"column":15},"end":{"line":160,"column":27}},"loc":{"start":{"line":160,"column":36},"end":{"line":168,"column":1}},"line":160},"14":{"name":"getPlayersInGame","decl":{"start":{"line":170,"column":15},"end":{"line":170,"column":31}},"loc":{"start":{"line":170,"column":40},"end":{"line":179,"column":1}},"line":170},"15":{"name":"getCurrentPlayer","decl":{"start":{"line":181,"column":15},"end":{"line":181,"column":31}},"loc":{"start":{"line":181,"column":40},"end":{"line":191,"column":1}},"line":181}},"branchMap":{"0":{"loc":{"start":{"line":40,"column":2},"end":{"line":42,"column":3}},"type":"if","locations":[{"start":{"line":40,"column":2},"end":{"line":42,"column":3}},{"start":{},"end":{}}],"line":40},"1":{"loc":{"start":{"line":44,"column":2},"end":{"line":46,"column":3}},"type":"if","locations":[{"start":{"line":44,"column":2},"end":{"line":46,"column":3}},{"start":{},"end":{}}],"line":44},"2":{"loc":{"start":{"line":58,"column":2},"end":{"line":60,"column":3}},"type":"if","locations":[{"start":{"line":58,"column":2},"end":{"line":60,"column":3}},{"start":{},"end":{}}],"line":58},"3":{"loc":{"start":{"line":62,"column":2},"end":{"line":64,"column":3}},"type":"if","locations":[{"start":{"line":62,"column":2},"end":{"line":64,"column":3}},{"start":{},"end":{}}],"line":62},"4":{"loc":{"start":{"line":66,"column":2},"end":{"line":68,"column":3}},"type":"if","locations":[{"start":{"line":66,"column":2},"end":{"line":68,"column":3}},{"start":{},"end":{}}],"line":66},"5":{"loc":{"start":{"line":74,"column":2},"end":{"line":76,"column":3}},"type":"if","locations":[{"start":{"line":74,"column":2},"end":{"line":76,"column":3}},{"start":{},"end":{}}],"line":74},"6":{"loc":{"start":{"line":91,"column":2},"end":{"line":93,"column":3}},"type":"if","locations":[{"start":{"line":91,"column":2},"end":{"line":93,"column":3}},{"start":{},"end":{}}],"line":91},"7":{"loc":{"start":{"line":95,"column":2},"end":{"line":97,"column":3}},"type":"if","locations":[{"start":{"line":95,"column":2},"end":{"line":97,"column":3}},{"start":{},"end":{}}],"line":95},"8":{"loc":{"start":{"line":99,"column":2},"end":{"line":101,"column":3}},"type":"if","locations":[{"start":{"line":99,"column":2},"end":{"line":101,"column":3}},{"start":{},"end":{}}],"line":99},"9":{"loc":{"start":{"line":113,"column":2},"end":{"line":113,"column":47}},"type":"if","locations":[{"start":{"line":113,"column":2},"end":{"line":113,"column":47}},{"start":{},"end":{}}],"line":113},"10":{"loc":{"start":{"line":115,"column":2},"end":{"line":117,"column":3}},"type":"if","locations":[{"start":{"line":115,"column":2},"end":{"line":117,"column":3}},{"start":{},"end":{}}],"line":115},"11":{"loc":{"start":{"line":115,"column":6},"end":{"line":115,"column":63}},"type":"binary-expr","locations":[{"start":{"line":115,"column":6},"end":{"line":115,"column":30}},{"start":{"line":115,"column":34},"end":{"line":115,"column":63}}],"line":115},"12":{"loc":{"start":{"line":119,"column":2},"end":{"line":121,"column":3}},"type":"if","locations":[{"start":{"line":119,"column":2},"end":{"line":121,"column":3}},{"start":{},"end":{}}],"line":119},"13":{"loc":{"start":{"line":123,"column":2},"end":{"line":125,"column":3}},"type":"if","locations":[{"start":{"line":123,"column":2},"end":{"line":125,"column":3}},{"start":{},"end":{}}],"line":123},"14":{"loc":{"start":{"line":133,"column":2},"end":{"line":135,"column":3}},"type":"if","locations":[{"start":{"line":133,"column":2},"end":{"line":135,"column":3}},{"start":{},"end":{}}],"line":133},"15":{"loc":{"start":{"line":145,"column":2},"end":{"line":145,"column":47}},"type":"if","locations":[{"start":{"line":145,"column":2},"end":{"line":145,"column":47}},{"start":{},"end":{}}],"line":145},"16":{"loc":{"start":{"line":147,"column":2},"end":{"line":149,"column":3}},"type":"if","locations":[{"start":{"line":147,"column":2},"end":{"line":149,"column":3}},{"start":{},"end":{}}],"line":147},"17":{"loc":{"start":{"line":151,"column":2},"end":{"line":153,"column":3}},"type":"if","locations":[{"start":{"line":151,"column":2},"end":{"line":153,"column":3}},{"start":{},"end":{}}],"line":151},"18":{"loc":{"start":{"line":162,"column":2},"end":{"line":162,"column":47}},"type":"if","locations":[{"start":{"line":162,"column":2},"end":{"line":162,"column":47}},{"start":{},"end":{}}],"line":162},"19":{"loc":{"start":{"line":166,"column":11},"end":{"line":166,"column":65}},"type":"cond-expr","locations":[{"start":{"line":166,"column":38},"end":{"line":166,"column":51}},{"start":{"line":166,"column":54},"end":{"line":166,"column":65}}],"line":166},"20":{"loc":{"start":{"line":172,"column":2},"end":{"line":172,"column":47}},"type":"if","locations":[{"start":{"line":172,"column":2},"end":{"line":172,"column":47}},{"start":{},"end":{}}],"line":172},"21":{"loc":{"start":{"line":183,"column":2},"end":{"line":185,"column":3}},"type":"if","locations":[{"start":{"line":183,"column":2},"end":{"line":185,"column":3}},{"start":{},"end":{}}],"line":183}},"s":{"0":1,"1":1,"2":1,"3":0,"4":0,"5":0,"6":4,"7":0,"8":0,"9":0,"10":4,"11":4,"12":4,"13":4,"14":1,"15":3,"16":1,"17":2,"18":2,"19":4,"20":4,"21":4,"22":4,"23":1,"24":3,"25":1,"26":2,"27":1,"28":1,"29":2,"30":1,"31":1,"32":0,"33":0,"34":4,"35":4,"36":4,"37":4,"38":1,"39":3,"40":1,"41":2,"42":1,"43":1,"44":1,"45":5,"46":5,"47":5,"48":5,"49":1,"50":4,"51":1,"52":3,"53":1,"54":2,"55":1,"56":1,"57":1,"58":1,"59":1,"60":1,"61":1,"62":1,"63":1,"64":3,"65":3,"66":3,"67":3,"68":1,"69":2,"70":1,"71":1,"72":1,"73":0,"74":0,"75":0,"76":0,"77":0,"78":0,"79":0,"80":0,"81":0,"82":0,"83":0,"84":0,"85":0,"86":0,"87":1},"f":{"0":0,"1":4,"2":0,"3":0,"4":0,"5":4,"6":4,"7":2,"8":4,"9":5,"10":1,"11":1,"12":3,"13":0,"14":0,"15":0},"b":{"0":[1,3],"1":[1,2],"2":[1,3],"3":[1,2],"4":[1,1],"5":[1,0],"6":[1,3],"7":[1,2],"8":[1,1],"9":[1,4],"10":[1,3],"11":[4,1],"12":[1,2],"13":[1,1],"14":[1,0],"15":[1,2],"16":[1,1],"17":[1,0],"18":[0,0],"19":[0,0],"20":[0,0],"21":[0,0]},"_coverageSchema":"1a1c01bbd47fc00a2c39e90264f33305004495a9","hash":"c1a58d7d4460a58568498a3ca2b69aa4ab21c466"}
,"/home/rafael/Documents/projects/capstone-uno/backend/src/services/playerService.js": {"path":"/home/rafael/Documents/projects/capstone-uno/backend/src/services/playerService.js","statementMap":{"0":{"start":{"line":1,"column":18},"end":{"line":1,"column":47}},"1":{"start":{"line":2,"column":19},"end":{"line":2,"column":62}},"2":{"start":{"line":3,"column":15},"end":{"line":3,"column":32}},"3":{"start":{"line":4,"column":12},"end":{"line":4,"column":35}},"4":{"start":{"line":5,"column":25},"end":{"line":5,"column":57}},"5":{"start":{"line":8,"column":13},"end":{"line":8,"column":40}},"6":{"start":{"line":9,"column":23},"end":{"line":9,"column":69}},"7":{"start":{"line":11,"column":2},"end":{"line":13,"column":3}},"8":{"start":{"line":12,"column":4},"end":{"line":12,"column":60}},"9":{"start":{"line":15,"column":25},"end":{"line":15,"column":61}},"10":{"start":{"line":17,"column":17},"end":{"line":22,"column":3}},"11":{"start":{"line":24,"column":2},"end":{"line":24,"column":45}},"12":{"start":{"line":28,"column":2},"end":{"line":28,"column":45}},"13":{"start":{"line":32,"column":2},"end":{"line":32,"column":56}},"14":{"start":{"line":36,"column":2},"end":{"line":36,"column":47}},"15":{"start":{"line":40,"column":2},"end":{"line":40,"column":43}},"16":{"start":{"line":44,"column":2},"end":{"line":46,"column":3}},"17":{"start":{"line":45,"column":4},"end":{"line":45,"column":48}},"18":{"start":{"line":48,"column":24},"end":{"line":48,"column":78}},"19":{"start":{"line":49,"column":2},"end":{"line":51,"column":3}},"20":{"start":{"line":50,"column":4},"end":{"line":50,"column":44}},"21":{"start":{"line":53,"column":18},"end":{"line":53,"column":65}},"22":{"start":{"line":54,"column":17},"end":{"line":54,"column":44}},"23":{"start":{"line":56,"column":2},"end":{"line":56,"column":16}},"24":{"start":{"line":60,"column":15},"end":{"line":60,"column":56}},"25":{"start":{"line":61,"column":26},"end":{"line":61,"column":71}},"26":{"start":{"line":63,"column":2},"end":{"line":65,"column":3}},"27":{"start":{"line":64,"column":4},"end":{"line":64,"column":43}},"28":{"start":{"line":67,"column":16},"end":{"line":69,"column":4}},"29":{"start":{"line":71,"column":2},"end":{"line":71,"column":15}},"30":{"start":{"line":75,"column":18},"end":{"line":75,"column":41}},"31":{"start":{"line":76,"column":14},"end":{"line":76,"column":32}},"32":{"start":{"line":78,"column":2},"end":{"line":81,"column":5}},"33":{"start":{"line":84,"column":0},"end":{"line":93,"column":2}}},"fnMap":{"0":{"name":"createPlayer","decl":{"start":{"line":7,"column":15},"end":{"line":7,"column":27}},"loc":{"start":{"line":7,"column":34},"end":{"line":25,"column":1}},"line":7},"1":{"name":"getPlayer","decl":{"start":{"line":27,"column":15},"end":{"line":27,"column":24}},"loc":{"start":{"line":27,"column":29},"end":{"line":29,"column":1}},"line":27},"2":{"name":"updatePlayer","decl":{"start":{"line":31,"column":15},"end":{"line":31,"column":27}},"loc":{"start":{"line":31,"column":41},"end":{"line":33,"column":1}},"line":31},"3":{"name":"deletePlayer","decl":{"start":{"line":35,"column":15},"end":{"line":35,"column":27}},"loc":{"start":{"line":35,"column":32},"end":{"line":37,"column":1}},"line":35},"4":{"name":"getAllPlayers","decl":{"start":{"line":39,"column":15},"end":{"line":39,"column":28}},"loc":{"start":{"line":39,"column":31},"end":{"line":41,"column":1}},"line":39},"5":{"name":"getPlayerInfo","decl":{"start":{"line":43,"column":15},"end":{"line":43,"column":28}},"loc":{"start":{"line":43,"column":42},"end":{"line":57,"column":1}},"line":43},"6":{"name":"login","decl":{"start":{"line":59,"column":15},"end":{"line":59,"column":20}},"loc":{"start":{"line":59,"column":38},"end":{"line":72,"column":1}},"line":59},"7":{"name":"logout","decl":{"start":{"line":74,"column":15},"end":{"line":74,"column":21}},"loc":{"start":{"line":74,"column":35},"end":{"line":82,"column":1}},"line":74}},"branchMap":{"0":{"loc":{"start":{"line":11,"column":2},"end":{"line":13,"column":3}},"type":"if","locations":[{"start":{"line":11,"column":2},"end":{"line":13,"column":3}},{"start":{},"end":{}}],"line":11},"1":{"loc":{"start":{"line":44,"column":2},"end":{"line":46,"column":3}},"type":"if","locations":[{"start":{"line":44,"column":2},"end":{"line":46,"column":3}},{"start":{},"end":{}}],"line":44},"2":{"loc":{"start":{"line":49,"column":2},"end":{"line":51,"column":3}},"type":"if","locations":[{"start":{"line":49,"column":2},"end":{"line":51,"column":3}},{"start":{},"end":{}}],"line":49},"3":{"loc":{"start":{"line":63,"column":2},"end":{"line":65,"column":3}},"type":"if","locations":[{"start":{"line":63,"column":2},"end":{"line":65,"column":3}},{"start":{},"end":{}}],"line":63},"4":{"loc":{"start":{"line":63,"column":6},"end":{"line":63,"column":31}},"type":"binary-expr","locations":[{"start":{"line":63,"column":6},"end":{"line":63,"column":11}},{"start":{"line":63,"column":15},"end":{"line":63,"column":31}}],"line":63}},"s":{"0":1,"1":1,"2":1,"3":1,"4":1,"5":2,"6":2,"7":2,"8":1,"9":1,"10":1,"11":1,"12":2,"13":1,"14":1,"15":1,"16":3,"17":1,"18":2,"19":2,"20":1,"21":1,"22":1,"23":1,"24":2,"25":2,"26":2,"27":1,"28":1,"29":1,"30":1,"31":1,"32":1,"33":1},"f":{"0":2,"1":2,"2":1,"3":1,"4":1,"5":3,"6":2,"7":1},"b":{"0":[1,1],"1":[1,2],"2":[1,1],"3":[1,1],"4":[2,2]},"_coverageSchema":"1a1c01bbd47fc00a2c39e90264f33305004495a9","hash":"028b107a3dc73e20a98f06667d271b43b5fd15e4"}
,"/home/rafael/Documents/projects/capstone-uno/backend/src/services/scoreService.js": {"path":"/home/rafael/Documents/projects/capstone-uno/backend/src/services/scoreService.js","statementMap":{"0":{"start":{"line":1,"column":18},"end":{"line":1,"column":47}},"1":{"start":{"line":2,"column":19},"end":{"line":2,"column":61}},"2":{"start":{"line":5,"column":13},"end":{"line":5,"column":39}},"3":{"start":{"line":7,"column":16},"end":{"line":12,"column":3}},"4":{"start":{"line":14,"column":2},"end":{"line":14,"column":43}},"5":{"start":{"line":18,"column":2},"end":{"line":18,"column":44}},"6":{"start":{"line":22,"column":2},"end":{"line":22,"column":55}},"7":{"start":{"line":26,"column":2},"end":{"line":26,"column":46}},"8":{"start":{"line":30,"column":2},"end":{"line":30,"column":42}},"9":{"start":{"line":34,"column":20},"end":{"line":34,"column":63}},"10":{"start":{"line":35,"column":17},"end":{"line":35,"column":19}},"11":{"start":{"line":37,"column":2},"end":{"line":40,"column":5}},"12":{"start":{"line":38,"column":18},"end":{"line":38,"column":56}},"13":{"start":{"line":39,"column":4},"end":{"line":39,"column":30}},"14":{"start":{"line":42,"column":2},"end":{"line":45,"column":4}},"15":{"start":{"line":48,"column":0},"end":{"line":55,"column":2}}},"fnMap":{"0":{"name":"createScore","decl":{"start":{"line":4,"column":15},"end":{"line":4,"column":26}},"loc":{"start":{"line":4,"column":33},"end":{"line":15,"column":1}},"line":4},"1":{"name":"getScore","decl":{"start":{"line":17,"column":15},"end":{"line":17,"column":23}},"loc":{"start":{"line":17,"column":28},"end":{"line":19,"column":1}},"line":17},"2":{"name":"updateScore","decl":{"start":{"line":21,"column":15},"end":{"line":21,"column":26}},"loc":{"start":{"line":21,"column":40},"end":{"line":23,"column":1}},"line":21},"3":{"name":"deleteScore","decl":{"start":{"line":25,"column":15},"end":{"line":25,"column":26}},"loc":{"start":{"line":25,"column":31},"end":{"line":27,"column":1}},"line":25},"4":{"name":"getAllScores","decl":{"start":{"line":29,"column":15},"end":{"line":29,"column":27}},"loc":{"start":{"line":29,"column":30},"end":{"line":31,"column":1}},"line":29},"5":{"name":"getScoresByGameId","decl":{"start":{"line":33,"column":15},"end":{"line":33,"column":32}},"loc":{"start":{"line":33,"column":41},"end":{"line":46,"column":1}},"line":33},"6":{"name":"(anonymous_6)","decl":{"start":{"line":37,"column":20},"end":{"line":37,"column":21}},"loc":{"start":{"line":37,"column":36},"end":{"line":40,"column":3}},"line":37}},"branchMap":{},"s":{"0":1,"1":1,"2":1,"3":1,"4":1,"5":1,"6":1,"7":1,"8":1,"9":2,"10":2,"11":2,"12":2,"13":2,"14":2,"15":1},"f":{"0":1,"1":1,"2":1,"3":1,"4":1,"5":2,"6":2},"b":{},"_coverageSchema":"1a1c01bbd47fc00a2c39e90264f33305004495a9","hash":"b42db2e8b2c66636adfa14fe39d293984e4e4b96"}
,"/home/rafael/Documents/projects/capstone-uno/backend/src/utils/getNextId.js": {"path":"/home/rafael/Documents/projects/capstone-uno/backend/src/utils/getNextId.js","statementMap":{"0":{"start":{"line":1,"column":17},"end":{"line":1,"column":36}},"1":{"start":{"line":3,"column":22},"end":{"line":6,"column":2}},"2":{"start":{"line":8,"column":16},"end":{"line":8,"column":56}},"3":{"start":{"line":11,"column":17},"end":{"line":15,"column":3}},"4":{"start":{"line":16,"column":2},"end":{"line":16,"column":20}},"5":{"start":{"line":19,"column":0},"end":{"line":19,"column":33}}},"fnMap":{"0":{"name":"getNextSequence","decl":{"start":{"line":10,"column":15},"end":{"line":10,"column":30}},"loc":{"start":{"line":10,"column":37},"end":{"line":17,"column":1}},"line":10}},"branchMap":{},"s":{"0":4,"1":4,"2":4,"3":0,"4":0,"5":4},"f":{"0":0},"b":{},"_coverageSchema":"1a1c01bbd47fc00a2c39e90264f33305004495a9","hash":"da8c49d90b8cefea1a68666535461353647d8017"}
}
