TN:
SF:src/models/cardModel.js
FNF:0
FNH:0
DA:1,1
DA:3,1
DA:11,1
LF:3
LH:3
BRF:0
BRH:0
end_of_record
TN:
SF:src/models/gameModel.js
FNF:0
FNH:0
DA:1,2
DA:3,2
DA:20,2
LF:3
LH:3
BRF:0
BRH:0
end_of_record
TN:
SF:src/models/playerModel.js
FNF:0
FNH:0
DA:1,2
DA:3,2
DA:11,2
LF:3
LH:3
BRF:0
BRH:0
end_of_record
TN:
SF:src/models/scoreModel.js
FNF:0
FNH:0
DA:1,2
DA:3,2
DA:11,2
LF:3
LH:3
BRF:0
BRH:0
end_of_record
TN:
SF:src/models/tokensModel.js
FNF:0
FNH:0
DA:1,1
DA:3,1
DA:8,1
DA:10,1
LF:4
LH:4
BRF:0
BRH:0
end_of_record
TN:
SF:src/repositories/cardRepository.js
FN:3,saveCard
FN:8,findCardById
FN:12,updateCardById
FN:16,deleteCardById
FN:20,findAllCards
FN:24,getTopDiscardCard
FNF:6
FNH:0
FNDA:0,saveCard
FNDA:0,findCardById
FNDA:0,updateCardById
FNDA:0,deleteCardById
FNDA:0,findAllCards
FNDA:0,getTopDiscardCard
DA:1,1
DA:4,0
DA:5,0
DA:9,0
DA:13,0
DA:17,0
DA:21,0
DA:25,0
DA:29,1
LF:9
LH:2
BRF:0
BRH:0
end_of_record
TN:
SF:src/repositories/gameRepository.js
FN:3,saveGame
FN:8,findGameById
FN:12,updateGameById
FN:16,deleteGameById
FN:20,findAllGames
FNF:5
FNH:0
FNDA:0,saveGame
FNDA:0,findGameById
FNDA:0,updateGameById
FNDA:0,deleteGameById
FNDA:0,findAllGames
DA:1,1
DA:4,0
DA:5,0
DA:9,0
DA:13,0
DA:17,0
DA:21,0
DA:24,1
LF:8
LH:2
BRF:0
BRH:0
end_of_record
TN:
SF:src/repositories/playerRepository.js
FN:3,savePlayer
FN:8,findPlayerById
FN:12,findPlayerByEmail
FN:16,updatePlayerById
FN:20,deletePlayerById
FN:24,findAllPlayers
FNF:6
FNH:6
FNDA:1,savePlayer
FNDA:1,findPlayerById
FNDA:1,findPlayerByEmail
FNDA:1,updatePlayerById
FNDA:1,deletePlayerById
FNDA:1,findAllPlayers
DA:1,2
DA:4,1
DA:5,1
DA:9,1
DA:13,1
DA:17,1
DA:21,1
DA:25,1
DA:28,2
LF:9
LH:9
BRF:0
BRH:0
end_of_record
TN:
SF:src/repositories/scoreRepository.js
FN:3,saveScore
FN:8,findScoreById
FN:12,updateScoreById
FN:16,deleteScoreById
FN:20,findAllScores
FN:24,findScoresByGameId
FNF:6
FNH:6
FNDA:1,saveScore
FNDA:1,findScoreById
FNDA:1,updateScoreById
FNDA:1,deleteScoreById
FNDA:1,findAllScores
FNDA:1,findScoresByGameId
DA:1,2
DA:4,1
DA:5,1
DA:9,1
DA:13,1
DA:17,1
DA:21,1
DA:25,1
DA:29,2
LF:9
LH:9
BRF:0
BRH:0
end_of_record
TN:
SF:src/services/cardService.js
FN:4,createCard
FN:17,getCard
FN:21,updateCard
FN:25,deleteCard
FN:29,getAllCards
FN:33,getTopCard
FNF:6
FNH:6
FNDA:1,createCard
FNDA:1,getCard
FNDA:1,updateCard
FNDA:1,deleteCard
FNDA:1,getAllCards
FNDA:2,getTopCard
DA:1,1
DA:2,1
DA:5,1
DA:7,1
DA:14,1
DA:18,1
DA:22,1
DA:26,1
DA:30,1
DA:34,2
DA:36,2
DA:37,1
DA:40,1
DA:53,1
LF:14
LH:14
BRDA:36,0,0,1
BRDA:36,0,1,1
BRF:2
BRH:2
end_of_record
TN:
SF:src/services/gameService.js
FN:5,createGame
FN:19,getGame
FN:23,updateGame
FN:27,deleteGame
FN:31,getAllGames
FN:35,joinGame
FN:53,startGame
FN:70,(anonymous_7)
FN:86,markAsReady
FN:108,leaveGame
FN:129,(anonymous_10)
FN:131,(anonymous_11)
FN:140,endGame
FN:160,getGameState
FN:170,getPlayersInGame
FN:181,getCurrentPlayer
FNF:16
FNH:9
FNDA:0,createGame
FNDA:4,getGame
FNDA:0,updateGame
FNDA:0,deleteGame
FNDA:0,getAllGames
FNDA:4,joinGame
FNDA:4,startGame
FNDA:2,(anonymous_7)
FNDA:4,markAsReady
FNDA:5,leaveGame
FNDA:1,(anonymous_10)
FNDA:1,(anonymous_11)
FNDA:3,endGame
FNDA:0,getGameState
FNDA:0,getPlayersInGame
FNDA:0,getCurrentPlayer
DA:1,1
DA:2,1
DA:3,1
DA:6,0
DA:8,0
DA:16,0
DA:20,4
DA:24,0
DA:28,0
DA:32,0
DA:36,4
DA:37,4
DA:39,4
DA:40,4
DA:41,1
DA:44,3
DA:45,1
DA:48,2
DA:50,2
DA:54,4
DA:55,4
DA:57,4
DA:58,4
DA:59,1
DA:62,3
DA:63,1
DA:66,2
DA:67,1
DA:70,1
DA:71,2
DA:74,1
DA:75,1
DA:78,0
DA:83,0
DA:87,4
DA:88,4
DA:90,4
DA:91,4
DA:92,1
DA:95,3
DA:96,1
DA:99,2
DA:100,1
DA:103,1
DA:105,1
DA:109,5
DA:110,5
DA:112,5
DA:113,5
DA:115,4
DA:116,1
DA:119,3
DA:120,1
DA:123,2
DA:124,1
DA:127,1
DA:129,1
DA:131,1
DA:133,1
DA:134,1
DA:137,1
DA:141,3
DA:142,3
DA:144,3
DA:145,3
DA:147,2
DA:148,1
DA:151,1
DA:152,1
DA:155,0
DA:157,0
DA:161,0
DA:162,0
DA:164,0
DA:171,0
DA:172,0
DA:174,0
DA:182,0
DA:183,0
DA:184,0
DA:187,0
DA:193,1
LF:82
LH:62
BRDA:40,0,0,1
BRDA:40,0,1,3
BRDA:44,1,0,1
BRDA:44,1,1,2
BRDA:58,2,0,1
BRDA:58,2,1,3
BRDA:62,3,0,1
BRDA:62,3,1,2
BRDA:66,4,0,1
BRDA:66,4,1,1
BRDA:74,5,0,1
BRDA:74,5,1,0
BRDA:91,6,0,1
BRDA:91,6,1,3
BRDA:95,7,0,1
BRDA:95,7,1,2
BRDA:99,8,0,1
BRDA:99,8,1,1
BRDA:113,9,0,1
BRDA:113,9,1,4
BRDA:115,10,0,1
BRDA:115,10,1,3
BRDA:115,11,0,4
BRDA:115,11,1,1
BRDA:119,12,0,1
BRDA:119,12,1,2
BRDA:123,13,0,1
BRDA:123,13,1,1
BRDA:133,14,0,1
BRDA:133,14,1,0
BRDA:145,15,0,1
BRDA:145,15,1,2
BRDA:147,16,0,1
BRDA:147,16,1,1
BRDA:151,17,0,1
BRDA:151,17,1,0
BRDA:162,18,0,0
BRDA:162,18,1,0
BRDA:166,19,0,0
BRDA:166,19,1,0
BRDA:172,20,0,0
BRDA:172,20,1,0
BRDA:183,21,0,0
BRDA:183,21,1,0
BRF:44
BRH:33
end_of_record
TN:
SF:src/services/playerService.js
FN:7,createPlayer
FN:27,getPlayer
FN:31,updatePlayer
FN:35,deletePlayer
FN:39,getAllPlayers
FN:43,getPlayerInfo
FN:59,login
FN:74,logout
FNF:8
FNH:8
FNDA:2,createPlayer
FNDA:2,getPlayer
FNDA:1,updatePlayer
FNDA:1,deletePlayer
FNDA:1,getAllPlayers
FNDA:3,getPlayerInfo
FNDA:2,login
FNDA:1,logout
DA:1,1
DA:2,1
DA:3,1
DA:4,1
DA:5,1
DA:8,2
DA:9,2
DA:11,2
DA:12,1
DA:15,1
DA:17,1
DA:24,1
DA:28,2
DA:32,1
DA:36,1
DA:40,1
DA:44,3
DA:45,1
DA:48,2
DA:49,2
DA:50,1
DA:53,1
DA:54,1
DA:56,1
DA:60,2
DA:61,2
DA:63,2
DA:64,1
DA:67,1
DA:71,1
DA:75,1
DA:76,1
DA:78,1
DA:84,1
LF:34
LH:34
BRDA:11,0,0,1
BRDA:11,0,1,1
BRDA:44,1,0,1
BRDA:44,1,1,2
BRDA:49,2,0,1
BRDA:49,2,1,1
BRDA:63,3,0,1
BRDA:63,3,1,1
BRDA:63,4,0,2
BRDA:63,4,1,2
BRF:10
BRH:10
end_of_record
TN:
SF:src/services/scoreService.js
FN:4,createScore
FN:17,getScore
FN:21,updateScore
FN:25,deleteScore
FN:29,getAllScores
FN:33,getScoresByGameId
FN:37,(anonymous_6)
FNF:7
FNH:7
FNDA:1,createScore
FNDA:1,getScore
FNDA:1,updateScore
FNDA:1,deleteScore
FNDA:1,getAllScores
FNDA:2,getScoresByGameId
FNDA:2,(anonymous_6)
DA:1,1
DA:2,1
DA:5,1
DA:7,1
DA:14,1
DA:18,1
DA:22,1
DA:26,1
DA:30,1
DA:34,2
DA:35,2
DA:37,2
DA:38,2
DA:39,2
DA:42,2
DA:48,1
LF:16
LH:16
BRF:0
BRH:0
end_of_record
TN:
SF:src/utils/getNextId.js
FN:10,getNextSequence
FNF:1
FNH:0
FNDA:0,getNextSequence
DA:1,4
DA:3,4
DA:8,4
DA:11,0
DA:16,0
DA:19,4
LF:6
LH:4
BRF:0
BRH:0
end_of_record
